<?xml version="1.0" encoding="UTF-8"?>
<testsuite name="AppTest" tests="1" skipped="0" failures="0" errors="0" timestamp="2017-04-24T17:57:30" hostname="1178578-C02ST2GTGTFM" time="0.001">
  <properties/>
  <testcase name="testAppHasAGreeting" classname="AppTest" time="0.001"/>
  <system-out><![CDATA[]]></system-out>
  <system-err><![CDATA[]]></system-err>
</testsuite>
